TN:
SF:src/constants.ts
FNF:0
FNH:0
DA:5,3
DA:6,3
LF:2
LH:2
BRF:0
BRH:0
end_of_record
TN:
SF:src/core.ts
FN:28,(anonymous_0)
FN:50,(anonymous_1)
FN:60,(anonymous_2)
FN:64,(anonymous_3)
FN:73,(anonymous_4)
FN:74,(anonymous_5)
FN:84,(anonymous_6)
FN:93,(anonymous_7)
FN:94,(anonymous_8)
FN:112,(anonymous_9)
FN:117,(anonymous_10)
FN:126,(anonymous_11)
FN:130,(anonymous_12)
FN:144,(anonymous_13)
FN:154,(anonymous_14)
FN:163,(anonymous_15)
FN:173,(anonymous_16)
FN:182,(anonymous_17)
FN:191,(anonymous_18)
FN:201,(anonymous_19)
FN:210,(anonymous_20)
FN:219,(anonymous_21)
FNF:22
FNH:8
FNDA:15,(anonymous_0)
FNDA:16,(anonymous_1)
FNDA:4,(anonymous_2)
FNDA:2,(anonymous_3)
FNDA:2,(anonymous_4)
FNDA:3,(anonymous_5)
FNDA:0,(anonymous_6)
FNDA:0,(anonymous_7)
FNDA:0,(anonymous_8)
FNDA:0,(anonymous_9)
FNDA:0,(anonymous_10)
FNDA:0,(anonymous_11)
FNDA:0,(anonymous_12)
FNDA:0,(anonymous_13)
FNDA:1,(anonymous_14)
FNDA:4,(anonymous_15)
FNDA:0,(anonymous_16)
FNDA:0,(anonymous_17)
FNDA:0,(anonymous_18)
FNDA:0,(anonymous_19)
FNDA:0,(anonymous_20)
FNDA:0,(anonymous_21)
DA:2,2
DA:3,2
DA:11,2
DA:13,15
DA:14,15
DA:18,15
DA:19,15
DA:35,15
DA:36,15
DA:37,15
DA:38,15
DA:39,15
DA:51,16
DA:52,15
DA:61,4
DA:62,3
DA:64,2
DA:74,3
DA:85,0
DA:94,0
DA:95,0
DA:96,0
DA:99,0
DA:100,0
DA:104,0
DA:105,0
DA:106,0
DA:110,0
DA:112,0
DA:113,0
DA:114,0
DA:117,0
DA:118,0
DA:119,0
DA:120,0
DA:122,0
DA:126,0
DA:127,0
DA:130,0
DA:131,0
DA:132,0
DA:136,0
DA:145,0
DA:146,0
DA:147,0
DA:155,1
DA:164,4
DA:174,0
DA:183,0
DA:192,0
DA:202,0
DA:211,0
DA:220,0
LF:53
LH:20
BRDA:30,0,0,0
BRDA:31,1,0,0
BRDA:33,2,0,0
BRDA:50,3,0,14
BRDA:50,4,0,14
BRDA:50,5,0,16
BRDA:61,6,0,3
BRDA:61,6,1,1
BRDA:93,7,0,0
BRDA:99,8,0,0
BRDA:105,9,0,0
BRDA:145,10,0,0
BRDA:201,11,0,0
BRF:13
BRH:5
end_of_record
TN:
SF:src/helpers.ts
FN:10,fetchChains
FN:47,getChain
FN:67,(anonymous_2)
FN:72,(anonymous_3)
FN:97,getAddress
FN:117,(anonymous_5)
FN:122,(anonymous_6)
FN:147,getChainByEid
FN:163,(anonymous_8)
FN:184,getQuote
FN:223,signOrder
FN:255,signReadableOrder
FN:353,submitSwap
FN:406,getOrderStatus
FN:437,pollOrderStatus
FN:457,(anonymous_15)
FN:458,(anonymous_16)
FN:510,getOrderDetails
FN:546,queryOrders
FNF:19
FNH:8
FNDA:19,fetchChains
FNDA:8,getChain
FNDA:9,(anonymous_2)
FNDA:7,(anonymous_3)
FNDA:4,getAddress
FNDA:7,(anonymous_5)
FNDA:2,(anonymous_6)
FNDA:0,getChainByEid
FNDA:0,(anonymous_8)
FNDA:4,getQuote
FNDA:0,signOrder
FNDA:0,signReadableOrder
FNDA:0,submitSwap
FNDA:0,getOrderStatus
FNDA:0,pollOrderStatus
FNDA:0,(anonymous_15)
FNDA:0,(anonymous_16)
FNDA:0,getOrderDetails
FNDA:0,queryOrders
DA:1,3
DA:2,3
DA:3,3
DA:10,3
DA:17,19
DA:18,19
DA:19,3
DA:22,19
DA:24,17
DA:25,17
DA:27,17
DA:28,41
DA:31,17
DA:33,2
DA:34,1
DA:36,1
DA:47,3
DA:55,8
DA:56,8
DA:57,0
DA:60,8
DA:61,8
DA:65,8
DA:67,5
DA:68,9
DA:72,3
DA:73,7
DA:77,8
DA:78,3
DA:81,5
DA:83,3
DA:84,0
DA:86,3
DA:97,3
DA:105,4
DA:106,4
DA:107,0
DA:110,4
DA:111,4
DA:115,4
DA:117,3
DA:118,7
DA:122,1
DA:123,2
DA:127,4
DA:128,0
DA:131,4
DA:133,0
DA:134,0
DA:136,0
DA:147,3
DA:155,0
DA:156,0
DA:157,0
DA:160,0
DA:161,0
DA:163,0
DA:164,0
DA:167,0
DA:168,0
DA:171,0
DA:173,0
DA:174,0
DA:176,0
DA:184,3
DA:192,4
DA:194,4
DA:195,0
DA:198,4
DA:203,2
DA:205,2
DA:206,2
DA:208,0
DA:223,3
DA:228,0
DA:229,0
DA:230,0
DA:232,0
DA:237,0
DA:239,0
DA:242,0
DA:248,0
DA:255,3
DA:267,0
DA:269,0
DA:270,0
DA:272,0
DA:273,0
DA:275,0
DA:276,0
DA:280,0
DA:281,0
DA:284,0
DA:305,0
DA:309,0
DA:314,0
DA:328,0
DA:336,0
DA:344,0
DA:353,3
DA:361,0
DA:362,0
DA:363,0
DA:366,0
DA:371,0
DA:372,0
DA:388,0
DA:389,0
DA:391,0
DA:406,3
DA:414,0
DA:415,0
DA:416,0
DA:419,0
DA:420,0
DA:422,0
DA:423,0
DA:425,0
DA:437,3
DA:452,0
DA:454,0
DA:455,0
DA:457,0
DA:458,0
DA:459,0
DA:461,0
DA:462,0
DA:463,0
DA:464,0
DA:465,0
DA:469,0
DA:472,0
DA:473,0
DA:474,0
DA:478,0
DA:479,0
DA:480,0
DA:481,0
DA:485,0
DA:488,0
DA:489,0
DA:490,0
DA:495,0
DA:510,3
DA:518,0
DA:519,0
DA:520,0
DA:523,0
DA:524,0
DA:526,0
DA:527,0
DA:529,0
DA:546,3
DA:554,0
DA:555,0
DA:556,0
DA:559,0
DA:564,0
DA:566,0
DA:567,0
DA:569,0
DA:580,0
DA:581,0
DA:585,0
LF:164
LH:58
BRDA:11,0,0,2
BRDA:13,1,0,19
BRDA:18,2,0,3
BRDA:18,3,0,19
BRDA:18,3,1,3
BRDA:33,4,0,1
BRDA:33,5,0,2
BRDA:33,5,1,1
BRDA:49,6,0,8
BRDA:51,7,0,8
BRDA:56,8,0,0
BRDA:56,9,0,8
BRDA:56,9,1,0
BRDA:65,10,0,5
BRDA:65,10,1,3
BRDA:77,11,0,3
BRDA:83,12,0,0
BRDA:83,13,0,3
BRDA:83,13,1,0
BRDA:99,14,0,4
BRDA:101,15,0,4
BRDA:106,16,0,0
BRDA:106,17,0,4
BRDA:106,17,1,0
BRDA:115,18,0,3
BRDA:115,18,1,1
BRDA:127,19,0,0
BRDA:133,20,0,0
BRDA:133,21,0,0
BRDA:133,21,1,0
BRDA:149,22,0,0
BRDA:151,23,0,0
BRDA:156,24,0,0
BRDA:156,25,0,0
BRDA:156,25,1,0
BRDA:167,26,0,0
BRDA:173,27,0,0
BRDA:173,28,0,0
BRDA:173,28,1,0
BRDA:186,29,0,0
BRDA:188,30,0,4
BRDA:194,31,0,0
BRDA:194,32,0,4
BRDA:194,32,1,0
BRDA:205,33,0,2
BRDA:205,34,0,2
BRDA:205,34,1,2
BRDA:232,35,0,0
BRDA:232,35,1,0
BRDA:259,36,0,0
BRDA:267,37,0,0
BRDA:267,37,1,0
BRDA:272,38,0,0
BRDA:275,39,0,0
BRDA:305,40,0,0
BRDA:305,40,1,0
BRDA:309,41,0,0
BRDA:309,41,1,0
BRDA:355,42,0,0
BRDA:357,43,0,0
BRDA:362,44,0,0
BRDA:362,45,0,0
BRDA:362,45,1,0
BRDA:388,46,0,0
BRDA:388,47,0,0
BRDA:388,47,1,0
BRDA:408,48,0,0
BRDA:410,49,0,0
BRDA:415,50,0,0
BRDA:415,51,0,0
BRDA:415,51,1,0
BRDA:422,52,0,0
BRDA:422,53,0,0
BRDA:422,53,1,0
BRDA:439,54,0,0
BRDA:440,55,0,0
BRDA:442,56,0,0
BRDA:450,57,0,0
BRDA:451,58,0,0
BRDA:461,59,0,0
BRDA:472,60,0,0
BRDA:478,61,0,0
BRDA:478,62,0,0
BRDA:478,62,1,0
BRDA:488,63,0,0
BRDA:488,63,1,0
BRDA:512,64,0,0
BRDA:514,65,0,0
BRDA:519,66,0,0
BRDA:519,67,0,0
BRDA:519,67,1,0
BRDA:526,68,0,0
BRDA:526,69,0,0
BRDA:526,69,1,0
BRDA:550,70,0,0
BRDA:555,71,0,0
BRDA:555,72,0,0
BRDA:555,72,1,0
BRDA:566,73,0,0
BRDA:567,74,0,0
BRDA:572,75,0,0
BRDA:572,75,1,0
BRDA:573,76,0,0
BRDA:573,76,1,0
BRDA:580,77,0,0
BRDA:581,78,0,0
BRDA:581,78,1,0
BRF:107
BRH:25
end_of_record
